1 second
2 second
3 second
4 second
5 second
6 second
7 second
8 second
9 second
10 second
11 second
12 second
13 second
14 second
15 second
16 second
17 second
18 second
19 second
20 second
21 second
22 second
23 second
24 second
25 second
26 second
27 second
28 second
29 second
30 second
31 second
32 second
33 second
34 second
35 second
36 second
37 second
38 second
39 second
40 second
41 second
42 second
43 second
44 second
45 second
46 second
47 second
48 second
49 second
50 second
51 second
52 second
53 second
54 second
55 second
56 second
57 second
58 second
59 second
60 second
61 second
62 second
63 second
64 second
65 second
66 second
67 second
68 second
69 second
70 second
71 second
72 second
73 second
74 second
75 second
76 second
